Fetching: 富士山
Fetching: 東京都
Fetching: 源氏物語
Fetching: 織田信長
Fetching: 桜
Fetching: 寿司
Fetching: 新幹線
Fetching: 広島市への原子爆弾投下
Fetching: 日本語
Fetching: 太陽系
Fetching: 第二次世界大戦
Fetching: 夏目漱石
Fetching: 北海道
Fetching: 京都市
Fetching: 相撲
Fetching: 日本国憲法
Fetching: 宮崎駿
Fetching: 地震
Fetching: 忍者
Fetching: 茶道
Fetching: 平安時代
Fetching: 東京タワー
Fetching: 任天堂
Fetching: トヨタ自動車
Fetching: 柔道
Fetching: 原子力発電
Fetching: 万葉集
Fetching: 鎌倉時代
Fetching: 大阪市
Fetching: 北極
Fetching: 月
Fetching: 火星
Fetching: ダイヤモンド
Fetching: ピアノ
Fetching: チェス
Fetching: 恐竜
Fetching: 南極
Fetching: 太平洋
Fetching: DNA
Fetching: 量子力学
Fetching: 人工知能
Fetching: インターネット
Fetching: 民主主義
Fetching: 仏教
Fetching: 哲学
Fetching: ローマ帝国
Fetching: エジプト
Fetching: モーツァルト
Fetching: アインシュタイン
Fetching: ゴッホ
Fetching: 光合成
Fetching: 進化
Fetching: 銀河
Fetching: 火山
Fetching: 台風
Fetching: 漫画
Fetching: アニメ
Fetching: 俳句
Fetching: 歌舞伎
Fetching: 武士
Fetching: 明治維新
Fetching: 江戸時代
Fetching: 縄文時代
Fetching: 古事記
Fetching: 日本書紀
Fetching: 坂本龍馬
Fetching: 徳川家康
Fetching: 豊臣秀吉
Fetching: 聖徳太子
Fetching: 紫式部
Fetching: 琵琶湖
Fetching: 瀬戸内海
Fetching: 沖縄県
Fetching: 奈良時代
Fetching: 室町時代
Fetching: 金閣寺
Fetching: 東大寺
Fetching: 厳島神社
Fetching: 姫路城
Fetching: 原爆ドーム
Fetching: 清水寺
Fetching: 日光東照宮
Fetching: 出雲大社
Fetching: 伊勢神宮
Fetching: 高野山
Fetching: 味噌
Fetching: 醤油
Fetching: 日本酒
Fetching: 抹茶
Fetching: 和食
Fetching: カレーライス
Fetching: ラーメン
Fetching: 天ぷら
Fetching: うどん
Fetching: そば
Fetching: 空手
Fetching: 剣道
Fetching: 弓道
Fetching: 合気道
Fetching: 水泳
Fetched 90 articles
